<?xml version="1.0" encoding="UTF-8"?>
<!-- Generated by org.testng.reporters.JUnitReportReporter -->
<testsuite skipped="0" hostname="master" name="Testng.testng" tests="1" failures="0" timestamp="12 May 2019 07:13:51 GMT" time="7.556" errors="0">
  <testcase name="Verify_about_us" time="7.556" classname="Testng.testng"/>
</testsuite> <!-- Testng.testng -->
